<?xml version="1.0" encoding="UTF-8"?>
<Site BuildName="(empty)"
	BuildStamp="20230611-1642-Experimental"
	Name="EricUbuntu-X"
	Generator="ctest-3.16.3"
	CompilerName="/usr/bin/g++"
	CompilerVersion="9.4.0"
	OSName="Linux"
	Hostname="EricUbuntu-X"
	OSRelease="5.15.0-73-generic"
	OSVersion="#80~20.04.1-Ubuntu SMP Wed May 17 14:58:14 UTC 2023"
	OSPlatform="x86_64"
	Is64Bits="1"
	VendorString="GenuineIntel"
	VendorID="Intel Corporation"
	FamilyID="6"
	ModelID="154"
	ProcessorCacheSize="24576"
	NumberOfLogicalCPU="20"
	NumberOfPhysicalCPU="14"
	TotalVirtualMemory="2047"
	TotalPhysicalMemory="31801"
	LogicalProcessorsPerPhysical="1"
	ProcessorClockFrequency="3696.82"
	>
	<Testing>
		<StartDateTime>Jun 12 00:50 CST</StartDateTime>
		<StartTestTime>1686502215</StartTestTime>
		<TestList/>
		<EndDateTime>Jun 12 00:50 CST</EndDateTime>
		<EndTestTime>1686502215</EndTestTime>
		<ElapsedMinutes>0</ElapsedMinutes>
	</Testing>
</Site>
